
=== WhatsApp Bridge Started at 2025-09-14 12:19:46 ===

=== WhatsApp Bridge Started at 2025-09-14 12:25:09 ===

=== WhatsApp Bridge Started at 2025-09-14 12:28:50 ===

=== WhatsApp Bridge Started at 2025-09-14 12:30:20 ===

=== WhatsApp Bridge Started at 2025-09-14 12:32:16 ===
2025/09/15 13:03:28 Adding participant: 393483589770 -> 393483589770@s.whatsapp.net
2025/09/15 13:03:28 Adding participant: 393331234567 -> 393331234567@s.whatsapp.net
2025/09/15 13:03:57 Adding participant: 393483589770 -> 393483589770@s.whatsapp.net
2025/09/15 13:03:57 Adding participant: 393514637719 -> 393514637719@s.whatsapp.net
2025/09/15 13:38:19 Adding participant: 393483589770 -> 393483589770@s.whatsapp.net
2025/09/15 13:38:19 Adding participant: 393389291547 -> 393389291547@s.whatsapp.net
2025/09/15 13:38:23 Adding participant: 393483589770 -> 393483589770@s.whatsapp.net
2025/09/15 13:38:23 Adding participant: 393389291547 -> 393389291547@s.whatsapp.net
2025/09/15 13:40:11 Adding participant: 393483589770 -> 393483589770@s.whatsapp.net
2025/09/15 13:40:11 Adding participant: 393514637719 -> 393514637719@s.whatsapp.net
2025/09/15 13:40:11 Group created: elio maddy vesta (120363419937361590@g.us)
2025/09/15 13:40:11 Requested 2 participants to be added
2025/09/15 13:40:11 All 2 requested participants were added successfully
2025/09/15 13:41:17 Adding participant: 393483589770 -> 393483589770@s.whatsapp.net
2025/09/15 13:41:17 Adding participant: 393514637719 -> 393514637719@s.whatsapp.net
2025/09/15 13:41:18 Group created: Test Error Reporting (120363402160285948@g.us)
2025/09/15 13:41:18 Requested 2 participants to be added
2025/09/15 13:41:18 All 2 requested participants were added successfully
